<data><version>4</version><maxID>219</maxID><topics><items><topic><name>None</name><description>No topic.</description><color><red>0</red><green>0</green><blue>0</blue><alpha>255</alpha></color><background><red>255</red><green>255</green><blue>255</blue><alpha>255</alpha></background><id>8</id></topic><topic><name>Development</name><description></description><color reference="../../topic/color"/><background reference="../../topic/background"/><id>140</id></topic><topic><name>Writing</name><description></description><color reference="../../topic/color"/><background reference="../../topic/background"/><id>142</id></topic><topic><name>Design</name><description></description><color reference="../../topic/color"/><background reference="../../topic/background"/><id>143</id></topic></items></topics><contexts><items><context><name>None</name><description>No context.</description><id>9</id></context><context><name>Auto Kindle</name><description></description><id>128</id></context><context><name>Auto Kindle Config</name><description></description><id>129</id></context><context><name>Auto Kindle Updater</name><description></description><id>130</id></context><context><name>Auto Kindle Converter</name><description></description><id>155</id></context><context><name>Database Design</name><description></description><id>156</id></context><context><name>C#</name><description></description><id>157</id></context><context><name>AutoIt</name><description></description><id>158</id></context><context><name>.NET</name><description></description><id>159</id></context><context><name>Debug</name><description></description><id>160</id></context><context><name>Form Design</name><description></description><id>162</id></context><context><name>Internet</name><description></description><id>166</id></context><context><name>Web Design</name><description></description><id>177</id></context><context><name>CodeIgniter</name><description></description><id>179</id></context><context><name>XML</name><description></description><id>185</id></context><context><name>Java</name><description></description><id>209</id></context><context><name>Blackberry</name><description></description><id>210</id></context></items></contexts><information><items/></information><futures><items/></futures><thoughts><items><thought><created>2009-05-24 20:37:43.852 EDT</created><description>Manage IP address</description><topic reference="../../../../topics/items/topic[2]"/><processed>true</processed><notes>Allow DNS resolution</notes><id>137</id></thought><thought><created>2009-05-27 00:37:31.837 EDT</created><description>ThinkingRock Portable Though Collector</description><topic reference="../../../../topics/items/topic[4]"/><processed>true</processed><notes>Make a small C# .NET application to create thought files for importing to thinking rock while on the go. Maybe even a Windows Mobile version</notes><id>199</id></thought><thought><created>2009-05-27 00:38:25.147 EDT</created><description>Portable Thought Collector for Blackberry</description><topic reference="../../../../topics/items/topic[4]"/><processed>true</processed><id>200</id></thought><thought><created>2009-05-27 00:48:42.326 EDT</created><description>File Management</description><topic reference="../../../../topics/items/topic[4]"/><processed>true</processed><notes>Must create a streamlined way to change files. Possible Second window that shows recent datafiles&#x0D;
&#x0D;
Access through button click</notes><id>212</id></thought><thought><created>2009-05-27 00:50:00.339 EDT</created><description>Parse Thought File like Access Records</description><topic reference="../../../../topics/items/topic[4]"/><processed>true</processed><notes>Allow user to edit and delete or view previous entries or move forward to enter a new Item in the thought file</notes><id>213</id></thought><thought><created>2009-05-27 00:50:58.351 EDT</created><description>Internal Configuration</description><topic reference="../../../../topics/items/topic[4]"/><processed>true</processed><notes>Attempt to store configuration internally</notes><id>214</id></thought></items></thoughts><rootProject class="projects"><id>1</id><created>2009-05-24 20:36:36.344 EDT</created><parent class="tr.model.project.ProjectRoot"><id>0</id><created>2009-05-24 20:36:36.357 EDT</created><children><projects reference="../../.."/><actions><id>2</id><created>2009-05-24 20:36:36.346 EDT</created><parent class="tr.model.project.ProjectRoot" reference="../../.."/><children><action><id>219</id><created>2009-05-27 00:52:49.552 EDT</created><thought reference="../../../../../../../thoughts/items/thought[6]"/><parent class="actions" reference="../../.."/><description>Internal Configuration</description><topic reference="../../../../../../../topics/items/topic[4]"/><context reference="../../../../../../../contexts/items/context[9]"/><state class="actionStateInactive"><created>2009-05-27 00:53:10.919 EDT</created></state><notes>Attempt to store configuration internally</notes><done>false</done><success>No configuration file will be needed to store user preferences</success><modified>2009-05-27 00:53:10.919 EDT</modified></action></children><topic reference="../../../../../topics/items/topic"/><description></description><purpose></purpose><success></success><brainstorming></brainstorming><organising></organising><done>false</done><sequence>false</sequence><modified>2009-05-27 00:53:10.919 EDT</modified></actions></children><topic reference="../../../topics/items/topic"/><description></description><purpose></purpose><success></success><brainstorming></brainstorming><organising></organising><done>false</done><sequence>false</sequence><modified>2009-05-24 20:36:36.358 EDT</modified></parent><children><project><id>139</id><created>2009-05-24 20:57:20.684 EDT</created><parent class="projects" reference="../../.."/><children><project><id>148</id><created>2009-05-24 21:00:53.265 EDT</created><parent reference="../../.."/><children><action><id>145</id><created>2009-05-24 20:59:08.327 EDT</created><parent reference="../../.."/><description>Add book manager</description><topic reference="../../../../../../../../topics/items/topic[4]"/><context reference="../../../../../../../../contexts/items/context[9]"/><state class="actionStateScheduled"><durationHours>0</durationHours><durationMinutes>0</durationMinutes><created>2009-05-24 21:00:31.240 EDT</created></state><notes></notes><done>false</done><modified>2009-05-24 21:06:52.34 EDT</modified></action><action><id>146</id><created>2009-05-24 20:59:25.270 EDT</created><parent reference="../../.."/><description>Allow for Change in Font Size</description><topic reference="../../../../../../../../topics/items/topic[2]"/><context reference="../../../../../../../../contexts/items/context[8]"/><state class="actionStateASAP"><created>2009-05-24 21:00:38.744 EDT</created></state><notes></notes><done>false</done><modified>2009-05-24 21:05:13.888 EDT</modified></action><action><id>147</id><created>2009-05-24 20:59:43.237 EDT</created><parent reference="../../.."/><description>Improve PDF support</description><topic reference="../../../../../../../../topics/items/topic[2]"/><context reference="../../../../../../../../contexts/items/context[8]"/><state class="actionStateASAP"><created>2009-05-24 21:00:41.56 EDT</created></state><notes></notes><done>false</done><modified>2009-05-24 21:05:16.176 EDT</modified></action></children><topic reference="../../../../../../topics/items/topic[2]"/><description>Auto Kindle Converter</description><purpose></purpose><success></success><brainstorming></brainstorming><organising></organising><done>false</done><sequence>false</sequence><sequencing>INTO_SUBPROJECTS</sequencing><modified>2009-05-24 21:01:07.268 EDT</modified></project><project><id>149</id><created>2009-05-24 21:01:11.304 EDT</created><parent reference="../../.."/><children><action><id>152</id><created>2009-05-24 21:02:50.114 EDT</created><parent reference="../../.."/><description>Add Additional Config for size</description><topic reference="../../../../../../../../topics/items/topic[2]"/><context reference="../../../../../../../../contexts/items/context[9]"/><state class="actionStateScheduled"><durationHours>0</durationHours><durationMinutes>0</durationMinutes><created>2009-05-24 21:03:03.359 EDT</created></state><notes></notes><done>false</done><success></success><modified>2009-05-27 00:44:36.282 EDT</modified></action><action><id>164</id><created>2009-05-24 21:05:36.505 EDT</created><parent reference="../../.."/><description>Create compatiblity config app</description><topic reference="../../../../../../../../topics/items/topic[2]"/><context reference="../../../../../../../../contexts/items/context[8]"/><state class="actionStateInactive"><created>2009-05-24 21:05:36.505 EDT</created></state><notes></notes><done>false</done><modified>2009-05-24 21:05:55.958 EDT</modified></action></children><topic reference="../../../../../../topics/items/topic[2]"/><description>Auto Kindle Config</description><purpose></purpose><success></success><brainstorming></brainstorming><organising></organising><done>false</done><sequence>false</sequence><sequencing reference="../../project/sequencing"/><modified>2009-05-24 21:05:36.505 EDT</modified></project><project><id>150</id><created>2009-05-24 21:01:23.958 EDT</created><parent reference="../../.."/><children><project><id>171</id><created>2009-05-24 21:08:29.966 EDT</created><parent reference="../../.."/><children><action><id>165</id><created>2009-05-24 21:06:13.303 EDT</created><parent reference="../../.."/><description>Update from FTP</description><topic reference="../../../../../../../../../../topics/items/topic[2]"/><context reference="../../../../../../../../../../contexts/items/context[9]"/><state class="actionStateASAP"><created>2009-05-24 21:06:45.331 EDT</created></state><notes></notes><done>true</done><doneDate>2009-05-25 00:00:00.0 EDT</doneDate><modified>2009-05-25 00:04:58.110 EDT</modified></action><action><id>172</id><created>2009-05-24 21:08:32.182 EDT</created><parent reference="../../.."/><description>Parse from File List</description><topic reference="../../../../../../../../../../topics/items/topic[2]"/><context reference="../../../../../../../../../../contexts/items/context[9]"/><state class="actionStateASAP"><created>2009-05-24 21:09:11.986 EDT</created></state><notes></notes><done>true</done><doneDate>2009-05-25 00:00:00.0 EDT</doneDate><modified>2009-05-25 00:05:07.421 EDT</modified></action><action><id>173</id><created>2009-05-24 21:08:50.46 EDT</created><parent reference="../../.."/><description>Parse from Directory list</description><topic reference="../../../../../../../../../../topics/items/topic[2]"/><context reference="../../../../../../../../../../contexts/items/context[9]"/><state class="actionStateASAP"><created>2009-05-25 00:05:22.346 EDT</created></state><notes></notes><done>false</done><success></success><modified>2009-05-27 00:43:30.580 EDT</modified></action><action><id>194</id><created>2009-05-25 00:18:16.106 EDT</created><parent reference="../../.."/><description>Improve Update Repository Security</description><topic reference="../../../../../../../../../../topics/items/topic[4]"/><context reference="../../../../../../../../../../contexts/items/context[9]"/><state class="actionStateASAP"><created>2009-05-25 00:18:35.261 EDT</created></state><notes></notes><done>false</done><success></success><modified>2009-05-27 00:43:45.327 EDT</modified></action></children><topic reference="../../../../../../../../topics/items/topic[2]"/><description>Update from FTP</description><purpose></purpose><success></success><brainstorming></brainstorming><organising></organising><done>false</done><sequence>false</sequence><sequencing reference="../../../../project/sequencing"/><notes></notes><modified>2009-05-25 00:18:41.220 EDT</modified></project><action><id>168</id><created>2009-05-24 21:07:03.156 EDT</created><parent reference="../../.."/><description>Update from SVN</description><topic reference="../../../../../../../../topics/items/topic[4]"/><context reference="../../../../../../../../contexts/items/context[9]"/><state class="actionStateScheduled"><durationHours>0</durationHours><durationMinutes>0</durationMinutes><created>2009-05-25 00:05:45.433 EDT</created></state><notes></notes><done>false</done><modified>2009-05-25 00:05:45.433 EDT</modified></action><action><id>169</id><created>2009-05-24 21:07:30.26 EDT</created><parent reference="../../.."/><description>Create class to perfrom DNS resolution</description><topic reference="../../../../../../../../topics/items/topic[2]"/><context reference="../../../../../../../../contexts/items/context[9]"/><state class="actionStateASAP"><created>2009-05-24 21:08:01.830 EDT</created></state><notes></notes><done>false</done><modified>2009-05-24 21:08:01.830 EDT</modified></action><action><id>195</id><created>2009-05-25 00:18:46.142 EDT</created><parent reference="../../.."/><description>Improve update Flexibility</description><topic reference="../../../../../../../../topics/items/topic[4]"/><context reference="../../../../../../../../contexts/items/context[9]"/><state class="actionStateASAP"><created>2009-05-25 00:19:04.571 EDT</created></state><notes></notes><done>false</done><modified>2009-05-25 00:19:04.571 EDT</modified></action><action><id>197</id><created>2009-05-26 23:06:14.523 EDT</created><thought reference="../../../../../../../../thoughts/items/thought"/><parent reference="../../.."/><description>Manage IP address</description><topic reference="../../../../../../../../topics/items/topic[2]"/><context reference="../../../../../../../../contexts/items/context[9]"/><state class="actionStateASAP"><created>2009-05-26 23:07:02.227 EDT</created></state><notes>Allow DNS resolution</notes><done>true</done><doneDate>2009-05-26 00:00:00.0 EDT</doneDate><success>Use .net dns resolval</success><modified>2009-05-26 23:16:40.371 EDT</modified></action></children><topic reference="../../../../../../topics/items/topic[2]"/><description>Auto Kindle Updater</description><purpose></purpose><success></success><brainstorming></brainstorming><organising></organising><done>false</done><sequence>false</sequence><sequencing reference="../../project/sequencing"/><modified>2009-05-26 23:07:02.227 EDT</modified></project></children><topic reference="../../../../topics/items/topic[2]"/><description>Auto Kindle</description><purpose>Convert Documents to .mobi format</purpose><success>0.4.50</success><brainstorming></brainstorming><organising></organising><done>false</done><sequence>false</sequence><sequencing reference="../children/project/sequencing"/><modified>2009-05-24 21:01:23.959 EDT</modified></project><project><id>151</id><created>2009-05-24 21:02:39.131 EDT</created><parent class="projects" reference="../../.."/><children><project><id>175</id><created>2009-05-24 21:09:38.810 EDT</created><parent reference="../../.."/><children><action><id>174</id><created>2009-05-24 21:09:22.916 EDT</created><parent reference="../../.."/><description>Database</description><topic reference="../../../../../../../../topics/items/topic[4]"/><context reference="../../../../../../../../contexts/items/context[6]"/><state class="actionStateASAP"><created>2009-05-24 21:10:21.167 EDT</created></state><notes>[file:/C:/Driving Simulator/DatabaseStore/Side Projects/Cam Replacement/Cam Database Diagram.vsd]</notes><done>false</done><modified>2009-05-24 21:10:47.117 EDT</modified></action><action><id>176</id><created>2009-05-24 21:10:54.934 EDT</created><parent reference="../../.."/><description>Stored Procedures</description><topic reference="../../../../../../../../topics/items/topic[4]"/><context reference="../../../../../../../../contexts/items/context[6]"/><state class="actionStateScheduled"><durationHours>0</durationHours><durationMinutes>0</durationMinutes><created>2009-05-24 21:11:03.724 EDT</created></state><notes></notes><done>false</done><modified>2009-05-24 21:11:06.932 EDT</modified></action></children><topic reference="../../../../../../topics/items/topic[4]"/><description>Database</description><purpose></purpose><success></success><brainstorming></brainstorming><organising></organising><done>false</done><sequence>false</sequence><sequencing reference="../../../../project/children/project/sequencing"/><notes></notes><modified>2009-05-24 21:10:54.935 EDT</modified></project><project><id>182</id><created>2009-05-24 21:11:44.27 EDT</created><parent reference="../../.."/><children><action><id>183</id><created>2009-05-24 21:12:07.794 EDT</created><parent reference="../../.."/><description>Create interface for charactersheets</description><topic reference="../../../../../../../../topics/items/topic[4]"/><context reference="../../../../../../../../contexts/items/context[14]"/><state class="actionStateScheduled"><durationHours>0</durationHours><durationMinutes>0</durationMinutes><created>2009-05-24 21:12:41.662 EDT</created></state><notes></notes><done>false</done><modified>2009-05-24 21:12:41.662 EDT</modified></action><project><id>188</id><created>2009-05-24 21:15:22.190 EDT</created><parent reference="../../.."/><children><action><id>184</id><created>2009-05-24 21:12:52.360 EDT</created><parent reference="../../.."/><description>Character Sheet System</description><topic reference="../../../../../../../../../../topics/items/topic[4]"/><context reference="../../../../../../../../../../contexts/items/context[15]"/><state class="actionStateScheduled"><durationHours>0</durationHours><durationMinutes>0</durationMinutes><created>2009-05-24 21:13:30.923 EDT</created></state><notes></notes><done>false</done><modified>2009-05-24 21:15:22.191 EDT</modified></action></children><topic reference="../../../../../../../../topics/items/topic[2]"/><description>Character Sheet System</description><purpose></purpose><success></success><brainstorming></brainstorming><organising></organising><done>false</done><sequence>false</sequence><sequencing reference="../../../../../../project/children/project/sequencing"/><notes></notes><modified>2009-05-24 21:15:26.445 EDT</modified></project></children><topic reference="../../../../../../topics/items/topic[4]"/><description>Database Web Frontend</description><purpose></purpose><success></success><brainstorming></brainstorming><organising></organising><done>false</done><sequence>false</sequence><sequencing reference="../../../../project/children/project/sequencing"/><notes></notes><modified>2009-05-24 21:15:22.191 EDT</modified></project></children><topic reference="../../../../topics/items/topic[2]"/><description>New Cam</description><purpose></purpose><success></success><brainstorming></brainstorming><organising></organising><done>false</done><sequence>false</sequence><sequencing reference="../../project/children/project/sequencing"/><modified>2009-05-24 21:14:55.119 EDT</modified></project><project><id>207</id><created>2009-05-27 00:40:09.411 EDT</created><thought reference="../../../../thoughts/items/thought[2]"/><parent class="projects" reference="../../.."/><children><action><id>206</id><created>2009-05-27 00:38:49.221 EDT</created><thought reference="../../../../../../thoughts/items/thought[2]"/><parent reference="../../.."/><description>ThinkingRock Portable Though Collector</description><topic reference="../../../../../../topics/items/topic[4]"/><context reference="../../../../../../contexts/items/context[9]"/><state class="actionStateInactive"><created>2009-05-27 00:40:09.411 EDT</created></state><notes>Make a small C# .NET application to create thought files for importing to thinking rock while on the go. Maybe even a Windows Mobile version</notes><done>false</done><success>Not need thinkingrock to collect thoughts on any computer with .net</success><modified>2009-05-27 00:43:25.704 EDT</modified></action><action><id>208</id><created>2009-05-27 00:40:09.415 EDT</created><thought reference="../../../../../../thoughts/items/thought[3]"/><parent reference="../../.."/><description>Portable Thought Collector for Blackberry</description><topic reference="../../../../../../topics/items/topic[4]"/><context reference="../../../../../../contexts/items/context[17]"/><state class="actionStateInactive"><created>2009-05-27 00:40:55.584 EDT</created></state><notes></notes><done>false</done><success>Create and sync thoughts from the blackberry 4.2 software and up</success><modified>2009-05-27 00:41:30.751 EDT</modified></action><action><id>217</id><created>2009-05-27 00:52:03.143 EDT</created><thought reference="../../../../../../thoughts/items/thought[4]"/><parent reference="../../.."/><description>File Management</description><topic reference="../../../../../../topics/items/topic[4]"/><context reference="../../../../../../contexts/items/context[9]"/><state class="actionStateInactive"><created>2009-05-27 00:52:23.649 EDT</created></state><notes>Must create a streamlined way to change files. Possible Second window that shows recent datafiles&#x0D;
&#x0D;
Access through button click</notes><done>false</done><success></success><modified>2009-05-27 00:52:23.649 EDT</modified></action><action><id>218</id><created>2009-05-27 00:52:23.650 EDT</created><thought reference="../../../../../../thoughts/items/thought[5]"/><parent reference="../../.."/><description>Parse Thought File like Access Records</description><topic reference="../../../../../../topics/items/topic[4]"/><context reference="../../../../../../contexts/items/context[9]"/><state class="actionStateInactive"><created>2009-05-27 00:52:49.552 EDT</created></state><notes>Allow user to edit and delete or view previous entries or move forward to enter a new Item in the thought file</notes><done>false</done><success>Comfortable one record at a time view</success><modified>2009-05-27 00:52:49.552 EDT</modified></action></children><topic reference="../../../../topics/items/topic[4]"/><description>ThinkingRock Portable Though Collector</description><purpose></purpose><success>Not need thinkingrock to collect thoughts on any computer with .net</success><brainstorming></brainstorming><organising></organising><done>false</done><sequence>false</sequence><sequencing reference="../../project/children/project/sequencing"/><notes>Make a small C# .NET application to create thought files for importing to thinking rock while on the go. Maybe even a Windows Mobile version</notes><modified>2009-05-27 00:52:49.552 EDT</modified></project></children><topic reference="../../topics/items/topic"/><description></description><purpose></purpose><success></success><brainstorming></brainstorming><organising></organising><done>false</done><sequence>false</sequence><modified>2009-05-27 00:40:09.412 EDT</modified></rootProject><rootActions class="actions" reference="../rootProject/parent/children/actions"/><rootTemplates class="tr.model.project.ProjectTemplates"><id>3</id><created>2009-05-24 20:36:36.347 EDT</created><children/><topic reference="../../topics/items/topic"/><description></description><purpose></purpose><success></success><brainstorming></brainstorming><organising></organising><done>false</done><sequence>false</sequence><modified>2009-05-24 20:36:36.347 EDT</modified></rootTemplates><rootFutures class="tr.model.project.ProjectFutures"><id>4</id><created>2009-05-24 20:36:36.348 EDT</created><children/><topic reference="../../topics/items/topic"/><description></description><purpose></purpose><success></success><brainstorming></brainstorming><organising></organising><done>false</done><sequence>false</sequence><modified>2009-05-24 20:36:36.348 EDT</modified></rootFutures><timeCriterion><name>Time</name><use>false</use><values><items><value><id>101</id><name>5 min</name></value><value><id>102</id><name>10 min</name></value><value><id>103</id><name>15 min</name></value><value><id>104</id><name>20 min</name></value><value><id>105</id><name>30 min</name></value><value><id>106</id><name>45 min</name></value><value><id>107</id><name>1 hr</name></value><value><id>108</id><name>1.5 hrs</name></value><value><id>109</id><name>2 hrs</name></value><value><id>110</id><name>2.5 hrs</name></value><value><id>111</id><name>3 hrs</name></value><value><id>112</id><name>4 hrs</name></value><value><id>113</id><name>5 hrs</name></value><value><id>114</id><name>6 hrs</name></value><value><id>115</id><name>7 hrs</name></value><value><id>116</id><name>8 hrs</name></value></items></values></timeCriterion><energyCriterion><name>Energy</name><use>false</use><values><items><value><id>117</id><name>None</name></value><value><id>118</id><name>Low Mental</name></value><value><id>119</id><name>Med Mental</name></value><value><id>120</id><name>High Mental</name></value><value><id>121</id><name>Low Physical</name></value><value><id>122</id><name>Med Physical</name></value><value><id>123</id><name>High Physical</name></value></items></values></energyCriterion><priorityCriterion><name>Priority</name><use>false</use><values><items><value><id>124</id><name>Must</name></value><value><id>125</id><name>Should</name></value><value><id>126</id><name>Would</name></value><value><id>127</id><name>Could</name></value></items></values></priorityCriterion><maxLogID>0</maxLogID></data>